Arguments: 
  D:\Program Files\nodejs\node.exe C:\Users\zkxl\AppData\Roaming\npm\node_modules\yarn\bin\yarn.js install

PATH: 
  C:\Users\zkxl\bin;D:\Program Files\Git\mingw64\bin;D:\Program Files\Git\usr\local\bin;D:\Program Files\Git\usr\bin;D:\Program Files\Git\usr\bin;D:\Program Files\Git\mingw64\bin;D:\Program Files\Git\usr\bin;C:\Users\zkxl\bin;C:\Program Files (x86)\Common Files\Oracle\Java\javapath;C:\Windows\system32;C:\Windows;C:\Windows\System32\Wbem;C:\Windows\System32\WindowsPowerShell\v1.0;C:\Windows\System32\OpenSSH;D:\Program Files (x86)\AOMEI Backupper;D:\Program Files\Git\cmd;C:\Program Files\TortoiseGit\bin;D:\maven\apache-maven-3.5.4\bin;D:\mysql\mysql-5.7.23-winx64\bin;D:\jdk1.8.0_152\bin;D:\jdk1.8.0_152\jre\bin;D:\Program Files\TortoiseSVN\bin;C:\Program Files\Microsoft SQL Server\130\Tools\Binn;D:\Program Files\nodejs;C:\Users\zkxl\AppData\Local\Microsoft\WindowsApps;C:\Users\zkxl\AppData\Roaming\npm;D:\Program Files\Git\usr\bin\vendor_perl;D:\Program Files\Git\usr\bin\core_perl

Yarn version: 
  1.22.4

Node version: 
  14.5.0

Platform: 
  win32 x64

Trace: 
  Error: ENOENT: no such file or directory, copyfile 'C:\Users\zkxl\AppData\Local\Yarn\Cache\v6\npm-xtend-2.1.2-6efecc2a4dad8e6962c4901b337ce7ba87b5d28b-integrity\node_modules\xtend\.npmignore' -> 'E:\teacher2\teacher\node_modules\progress-stream\node_modules\xtend\.npmignore'

npm manifest: 
  {
  	"name": "teacher-face",
  	"version": "0.0.1",
  	"author": "zhangjing <1047292573@qq.com>",
  	"description": "答题器",
  	"license": null,
  	"main": "./dist/electron/main.js",
  	"scripts": {
  		"build": "node .electron-vue/build.js && electron-builder --platform=win32  --arch=ia32",
  		"build:dir": "node .electron-vue/build.js && electron-builder --dir",
  		"build:clean": "cross-env BUILD_TARGET=clean node .electron-vue/build.js",
  		"build:web": "cross-env BUILD_TARGET=web node .electron-vue/build.js",
  		"dev": "node .electron-vue/dev-runner.js",
  		"pack": "npm run pack:main && npm run pack:renderer",
  		"pack:main": "cross-env NODE_ENV=production webpack --progress --colors --config .electron-vue/webpack.main.config.js",
  		"pack:renderer": "cross-env NODE_ENV=production webpack --progress --colors --config .electron-vue/webpack.renderer.config.js",
  		"postinstall": ""
  	},
  	"build": {
  		"productName": "teacher",
  		"appId": "org.simulatedgreg.electron-vue",
  		"directories": {
  			"output": "build"
  		},
  		"files": [
  			"dist/electron/**/*"
  		],
  		"dmg": {
  			"contents": [{
  					"x": 410,
  					"y": 150,
  					"type": "link",
  					"path": "/Applications"
  				},
  				{
  					"x": 130,
  					"y": 150,
  					"type": "file"
  				}
  			]
  		},
  		"mac": {
  			"icon": "static/icons/icon.icns"
  		},
  		"win": {
  			"icon": "static/icons/icon7.ico"
  		},
  		"linux": {
  			"icon": "static/icons"
  		},
  		"publish": [{
  			"provider": "generic",
  			"url": "http://192.168.10.184/teacher-platform/files/"
  		}]
  	},
  	"dependencies": {
  		"ant-design-vue": "^1.4.6",
  		"axios": "^0.16.1",
  		"echarts": "^4.2.1",
  		"html2canvas": "^1.0.0-rc.3",
  		"jquery": "^3.3.1",
  		"vue": "^2.5.16",
  		"vue-awesome-swiper": "^3.1.3",
  		"vue-cropper": "^0.4.9",
  		"vue-electron": "^1.0.6",
  		"vue-router": "^2.5.3",
  		"vue2-datepicker": "2.11.2",
  		"vue2-toast": "^2.0.2",
  		"vuex": "^2.3.1"
  	},
  	"devDependencies": {
  		"babel-core": "^6.25.0",
  		"babel-loader": "^7.1.1",
  		"babel-plugin-import": "^1.12.0",
  		"babel-plugin-transform-runtime": "^6.23.0",
  		"babel-preset-env": "^1.6.0",
  		"babel-preset-stage-0": "^6.24.1",
  		"babel-register": "^6.24.1",
  		"babili-webpack-plugin": "^0.1.2",
  		"cfonts": "^1.1.3",
  		"chalk": "^2.1.0",
  		"copy-webpack-plugin": "^4.0.1",
  		"cross-env": "^5.0.5",
  		"css-loader": "^0.28.4",
  		"del": "^3.0.0",
  		"devtron": "^1.4.0",
  		"electron": "^4.0.0",
  		"electron-builder": "^19.56.2",
  		"electron-updater": "^4.0.6",
  		"electron-debug": "^1.4.0",
  		"electron-devtools-installer": "^2.2.0",
  		"extract-text-webpack-plugin": "^3.0.0",
  		"file-loader": "^0.11.2",
  		"html-webpack-plugin": "^2.30.1",
  		"less": "^3.0.4",
  		"less-loader": "^4.1.0",
  		"multispinner": "^0.2.1",
  		"node-loader": "^0.6.0",
  		"style-loader": "^0.18.2",
  		"url-loader": "^0.5.9",
  		"vue-html-loader": "^1.2.4",
  		"vue-loader": "^13.0.5",
  		"vue-style-loader": "^3.0.1",
  		"vue-template-compiler": "^2.4.2",
  		"webpack": "^3.5.2",
  		"webpack-dev-server": "^2.7.1",
  		"webpack-hot-middleware": "^2.18.2"
  	},
  	"engines": {
  		"node": "~10.3.0",
  		"npm": "~6.9.0"
  	}
  }

yarn manifest: 
  No manifest

Lockfile: 
  No lockfile
